Using pre-set license
Built from '2020.3/staging' branch; Version is '2020.3.25f1 (9b9180224418) revision 10195328'; Using compiler version '192528614'; Build Type 'Release'
OS: 'Windows 10  (10.0.19044) 64bit Professional' Language: 'en' Physical Memory: 8123 MB
BatchMode: 1, IsHumanControllingUs: 0, StartBugReporterOnCrash: 0, Is64bit: 1, IsPro: 0

COMMAND LINE ARGUMENTS:
C:\Program Files\Unity\Hub\Editor\2020.3.25f1\Editor\Unity.exe
-adb2
-batchMode
-noUpm
-name
AssetImportWorker0
-projectPath
C:/Users/atala/OneDrive/Masaüstü/RocketGame/RocketGameRemastered
-logFile
Logs/AssetImportWorker0.log
-srvPort
63795
Successfully changed project path to: C:/Users/atala/OneDrive/Masaüstü/RocketGame/RocketGameRemastered
C:/Users/atala/OneDrive/Masaüstü/RocketGame/RocketGameRemastered
Using Asset Import Pipeline V2.
Refreshing native plugins compatible for Editor in 62.58 ms, found 2 plugins.
Preloading 0 native plugins for Editor in 0.00 ms.
Initialize engine version: 2020.3.25f1 (9b9180224418)
[Subsystems] Discovering subsystems at path C:/Program Files/Unity/Hub/Editor/2020.3.25f1/Editor/Data/Resources/UnitySubsystems
[Subsystems] Discovering subsystems at path C:/Users/atala/OneDrive/Masaüstü/RocketGame/RocketGameRemastered/Assets
GfxDevice: creating device client; threaded=0
Direct3D:
    Version:  Direct3D 11.0 [level 11.1]
    Renderer: Radeon RX 590 Series (ID=0x67df)
    Vendor:   
    VRAM:     8171 MB
    Driver:   30.0.14023.3004
Initialize mono
Mono path[0] = 'C:/Program Files/Unity/Hub/Editor/2020.3.25f1/Editor/Data/Managed'
Mono path[1] = 'C:/Program Files/Unity/Hub/Editor/2020.3.25f1/Editor/Data/MonoBleedingEdge/lib/mono/unityjit'
Mono config path = 'C:/Program Files/Unity/Hub/Editor/2020.3.25f1/Editor/Data/MonoBleedingEdge/etc'
Using monoOptions --debugger-agent=transport=dt_socket,embedding=1,server=y,suspend=n,address=127.0.0.1:56620
Begin MonoManager ReloadAssembly
Registering precompiled unity dll's ...
Register platform support module: C:/Program Files/Unity/Hub/Editor/2020.3.25f1/Editor/Data/PlaybackEngines/WebGLSupport/UnityEditor.WebGL.Extensions.dll
Register platform support module: C:/Program Files/Unity/Hub/Editor/2020.3.25f1/Editor/Data/PlaybackEngines/WindowsStandaloneSupport/UnityEditor.WindowsStandalone.Extensions.dll
Registered in 0.002089 seconds.
Native extension for WindowsStandalone target not found
Native extension for WebGL target not found
Refreshing native plugins compatible for Editor in 42.23 ms, found 2 plugins.
Preloading 0 native plugins for Editor in 0.00 ms.
Mono: successfully reloaded assembly
- Completed reload, in  0.534 seconds
Domain Reload Profiling:
	ReloadAssembly (535ms)
		BeginReloadAssembly (44ms)
			ExecutionOrderSort (0ms)
			DisableScriptedObjects (0ms)
			BackupInstance (0ms)
			ReleaseScriptingObjects (0ms)
			CreateAndSetChildDomain (1ms)
		EndReloadAssembly (423ms)
			LoadAssemblies (42ms)
			RebuildTransferFunctionScriptingTraits (0ms)
			SetupTypeCache (143ms)
			ReleaseScriptCaches (0ms)
			RebuildScriptCaches (25ms)
			SetupLoadedEditorAssemblies (157ms)
				LogAssemblyErrors (0ms)
				InitializePlatformSupportModulesInManaged (6ms)
				SetLoadedEditorAssemblies (0ms)
				RefreshPlugins (42ms)
				BeforeProcessingInitializeOnLoad (16ms)
				ProcessInitializeOnLoadAttributes (71ms)
				ProcessInitializeOnLoadMethodAttributes (22ms)
				AfterProcessingInitializeOnLoad (0ms)
				EditorAssembliesLoaded (0ms)
			ExecutionOrderSort2 (0ms)
			AwakeInstancesAfterBackupRestoration (0ms)
Platform modules already initialized, skipping
Registering precompiled user dll's ...
Registered in 0.013343 seconds.
Begin MonoManager ReloadAssembly
Native extension for WindowsStandalone target not found
Native extension for WebGL target not found
Refreshing native plugins compatible for Editor in 1.01 ms, found 2 plugins.
Preloading 0 native plugins for Editor in 0.00 ms.
Mono: successfully reloaded assembly
- Completed reload, in  2.344 seconds
Domain Reload Profiling:
	ReloadAssembly (2345ms)
		BeginReloadAssembly (132ms)
			ExecutionOrderSort (0ms)
			DisableScriptedObjects (4ms)
			BackupInstance (0ms)
			ReleaseScriptingObjects (0ms)
			CreateAndSetChildDomain (20ms)
		EndReloadAssembly (2148ms)
			LoadAssemblies (82ms)
			RebuildTransferFunctionScriptingTraits (0ms)
			SetupTypeCache (261ms)
			ReleaseScriptCaches (0ms)
			RebuildScriptCaches (38ms)
			SetupLoadedEditorAssemblies (1685ms)
				LogAssemblyErrors (0ms)
				InitializePlatformSupportModulesInManaged (5ms)
				SetLoadedEditorAssemblies (0ms)
				RefreshPlugins (1ms)
				BeforeProcessingInitializeOnLoad (71ms)
				ProcessInitializeOnLoadAttributes (1595ms)
				ProcessInitializeOnLoadMethodAttributes (7ms)
				AfterProcessingInitializeOnLoad (6ms)
				EditorAssembliesLoaded (0ms)
			ExecutionOrderSort2 (0ms)
			AwakeInstancesAfterBackupRestoration (4ms)
Platform modules already initialized, skipping
========================================================================
Worker process is ready to serve import requests
Launched and connected shader compiler UnityShaderCompiler.exe after 0.05 seconds
Refreshing native plugins compatible for Editor in 0.98 ms, found 2 plugins.
Preloading 0 native plugins for Editor in 0.00 ms.
Unloading 1730 Unused Serialized files (Serialized files now loaded: 0)
System memory in use before: 75.5 MB.
System memory in use after: 75.6 MB.

Unloading 111 unused Assets to reduce memory usage. Loaded Objects now: 2103.
Total: 3.170400 ms (FindLiveObjects: 0.137700 ms CreateObjectMapping: 0.042200 ms MarkObjects: 2.926000 ms  DeleteObjects: 0.063400 ms)

AssetImportParameters requested are different than current active one (requested -> active):
  custom:framework-win-MediaFoundation: 216162199b28c13a410421893ffa2e32 -> 
  custom:video-decoder-ogg-theora: a1e56fd34408186e4bbccfd4996cb3dc -> 
  custom:container-muxer-webm: aa71ff27fc2769a1b78a27578f13a17b -> 
  custom:container-demuxer-webm: 4f35f7cbe854078d1ac9338744f61a02 -> 
  custom:container-demuxer-ogg: 62fdf1f143b41e24485cea50d1cbac27 -> 
  custom:video-encoder-webm-vp8: eb34c28f22e8b96e1ab97ce403110664 -> 
  custom:video-decoder-webm-vp8: 9c59270c3fd7afecdb556c50c9e8de78 -> 
  custom:audio-decoder-ogg-vorbis: bf7c407c2cedff20999df2af8eb42d56 -> 
  custom:audio-encoder-webm-vorbis: bf7c407c2cedff20999df2af8eb42d56 -> 
========================================================================
Received Import Request.
  path: Assets/Scripts
  artifactKey: Guid(f9b7101e3bdf23c4a94790dcd015e80e) Importer(815301076,1909f56bfc062723c751e8b465ee728b)
Start importing Assets/Scripts using Guid(f9b7101e3bdf23c4a94790dcd015e80e) Importer(815301076,1909f56bfc062723c751e8b465ee728b)  -> (artifact id: 'f5c578c430b663244216fc3f9db584de') in 0.008217 seconds 
  Import took 0.010967 seconds .

========================================================================
Received Import Request.
  Time since last request: 6.941447 seconds.
  path: Assets/Scripts/AudioManager.cs
  artifactKey: Guid(ac6e563bc497beb44b5d3b7f3256913d) Importer(815301076,1909f56bfc062723c751e8b465ee728b)
Start importing Assets/Scripts/AudioManager.cs using Guid(ac6e563bc497beb44b5d3b7f3256913d) Importer(815301076,1909f56bfc062723c751e8b465ee728b)  -> (artifact id: '8c72d77c70df9e75467250b7750e240c') in 0.022338 seconds 
  Import took 0.025377 seconds .

========================================================================
Received Import Request.
  Time since last request: 0.869391 seconds.
  path: Assets/Scripts/ButtonControlSc.cs
  artifactKey: Guid(6539675bf4cf3d743ba553e17da8bb55) Importer(815301076,1909f56bfc062723c751e8b465ee728b)
Start importing Assets/Scripts/ButtonControlSc.cs using Guid(6539675bf4cf3d743ba553e17da8bb55) Importer(815301076,1909f56bfc062723c751e8b465ee728b)  -> (artifact id: '8f4c884e74a63578f960abea0babd569') in 0.007554 seconds 
  Import took 0.010507 seconds .

========================================================================
Received Import Request.
  Time since last request: 95.012037 seconds.
  path: Assets/VoodooPackages
  artifactKey: Guid(7cfbad6e0cb9e4bcf9e10042c419105c) Importer(815301076,1909f56bfc062723c751e8b465ee728b)
Start importing Assets/VoodooPackages using Guid(7cfbad6e0cb9e4bcf9e10042c419105c) Importer(815301076,1909f56bfc062723c751e8b465ee728b)  -> (artifact id: '4a2ac84233e83fed7453de8651af1632') in 0.010031 seconds 
  Import took 0.013950 seconds .

========================================================================
Received Import Request.
  Time since last request: 3.505968 seconds.
  path: Assets/VoodooPackages/TinySauce
  artifactKey: Guid(287218c5ba5e9434a915228331e4b044) Importer(815301076,1909f56bfc062723c751e8b465ee728b)
Start importing Assets/VoodooPackages/TinySauce using Guid(287218c5ba5e9434a915228331e4b044) Importer(815301076,1909f56bfc062723c751e8b465ee728b)  -> (artifact id: 'd6df612271ae3d90bcd3c9bc616266f5') in 0.007469 seconds 
  Import took 0.010102 seconds .

========================================================================
Received Import Request.
  Time since last request: 8.377817 seconds.
  path: Assets/VoodooPackages/TinySauce/TinySauce.cs
  artifactKey: Guid(0b0157d825917477a9385d3bba870c64) Importer(815301076,1909f56bfc062723c751e8b465ee728b)
Start importing Assets/VoodooPackages/TinySauce/TinySauce.cs using Guid(0b0157d825917477a9385d3bba870c64) Importer(815301076,1909f56bfc062723c751e8b465ee728b)  -> (artifact id: 'ec1619a7f7847304d9781f3379742f6b') in 0.002496 seconds 
  Import took 0.005783 seconds .

========================================================================
Received Import Request.
  Time since last request: 16.755867 seconds.
  path: Assets/VoodooPackages/TinySauce/Analytics
  artifactKey: Guid(7bf67e73cbf0d45c8935a77c0f8b7bcc) Importer(815301076,1909f56bfc062723c751e8b465ee728b)
Start importing Assets/VoodooPackages/TinySauce/Analytics using Guid(7bf67e73cbf0d45c8935a77c0f8b7bcc) Importer(815301076,1909f56bfc062723c751e8b465ee728b)  -> (artifact id: '379c5c80a4b4500ca09a508a59f5e306') in 0.006929 seconds 
  Import took 0.009529 seconds .

========================================================================
Received Import Request.
  Time since last request: 1.170925 seconds.
  path: Assets/VoodooPackages/TinySauce/Analytics/AnalyticsManager.cs
  artifactKey: Guid(d944485e997614b25878e74dbdfda68b) Importer(815301076,1909f56bfc062723c751e8b465ee728b)
Start importing Assets/VoodooPackages/TinySauce/Analytics/AnalyticsManager.cs using Guid(d944485e997614b25878e74dbdfda68b) Importer(815301076,1909f56bfc062723c751e8b465ee728b)  -> (artifact id: 'd8688cb0623ddd2d9d5beb3d147ed6a8') in 0.007193 seconds 
  Import took 0.009894 seconds .

========================================================================
Received Import Request.
  Time since last request: 5.863152 seconds.
  path: Assets/VoodooPackages/TinySauce/Internal
  artifactKey: Guid(bb847247965a74026ba17043c5737db9) Importer(815301076,1909f56bfc062723c751e8b465ee728b)
Start importing Assets/VoodooPackages/TinySauce/Internal using Guid(bb847247965a74026ba17043c5737db9) Importer(815301076,1909f56bfc062723c751e8b465ee728b)  -> (artifact id: '28032ad65a63d41b521429df0522beb5') in 0.011540 seconds 
  Import took 0.014370 seconds .

========================================================================
Received Import Request.
  Time since last request: 8.849457 seconds.
  path: Assets/VoodooPackages/TinySauce/Internal/Logging
  artifactKey: Guid(ef3fa38c01f004577863b5c2f294113f) Importer(815301076,1909f56bfc062723c751e8b465ee728b)
Start importing Assets/VoodooPackages/TinySauce/Internal/Logging using Guid(ef3fa38c01f004577863b5c2f294113f) Importer(815301076,1909f56bfc062723c751e8b465ee728b)  -> (artifact id: '925ce0e56f3fd5a8a021cbee3910215b') in 0.006832 seconds 
  Import took 0.009290 seconds .

========================================================================
Received Import Request.
  Time since last request: 0.918552 seconds.
  path: Assets/VoodooPackages/TinySauce/Internal/Scripts
  artifactKey: Guid(f51a2b1e8dceb4b26883fa36e2976a66) Importer(815301076,1909f56bfc062723c751e8b465ee728b)
Start importing Assets/VoodooPackages/TinySauce/Internal/Scripts using Guid(f51a2b1e8dceb4b26883fa36e2976a66) Importer(815301076,1909f56bfc062723c751e8b465ee728b)  -> (artifact id: '5bb430514d22ec4b9707267a19950d3c') in 0.005137 seconds 
  Import took 0.007645 seconds .

========================================================================
Received Import Request.
  Time since last request: 0.787994 seconds.
  path: Assets/VoodooPackages/TinySauce/Internal/Scripts/TinySauceBehaviour.cs
  artifactKey: Guid(b987dcd822b244d4a8f2a330a0210de2) Importer(815301076,1909f56bfc062723c751e8b465ee728b)
Start importing Assets/VoodooPackages/TinySauce/Internal/Scripts/TinySauceBehaviour.cs using Guid(b987dcd822b244d4a8f2a330a0210de2) Importer(815301076,1909f56bfc062723c751e8b465ee728b)  -> (artifact id: '34382723440099bd02ed5307ce2f33a7') in 0.007208 seconds 
  Import took 0.010067 seconds .

========================================================================
Received Import Request.
  Time since last request: 4.558850 seconds.
  path: Assets/VoodooPackages/TinySauce/Internal/Settings
  artifactKey: Guid(b217f0835e37d471db7b47536cf0746b) Importer(815301076,1909f56bfc062723c751e8b465ee728b)
Start importing Assets/VoodooPackages/TinySauce/Internal/Settings using Guid(b217f0835e37d471db7b47536cf0746b) Importer(815301076,1909f56bfc062723c751e8b465ee728b)  -> (artifact id: 'f45ffeb4ee2d6e6914ca35a11ca06e81') in 0.005708 seconds 
  Import took 0.008350 seconds .

========================================================================
Received Import Request.
  Time since last request: 0.716205 seconds.
  path: Assets/VoodooPackages/TinySauce/Internal/Settings/TinySauceSettings.cs
  artifactKey: Guid(faa11ec82e9746928e211e7f096812ca) Importer(815301076,1909f56bfc062723c751e8b465ee728b)
Start importing Assets/VoodooPackages/TinySauce/Internal/Settings/TinySauceSettings.cs using Guid(faa11ec82e9746928e211e7f096812ca) Importer(815301076,1909f56bfc062723c751e8b465ee728b)  -> (artifact id: 'f9c353f0691cbe7f5071592d453b86ff') in 0.005411 seconds 
  Import took 0.007915 seconds .

========================================================================
Received Import Request.
  Time since last request: 8.474729 seconds.
  path: Assets/VoodooPackages/TinySauce/Internal/Settings/Editor
  artifactKey: Guid(163e71047720e43a2926fc34cc0479e6) Importer(815301076,1909f56bfc062723c751e8b465ee728b)
Start importing Assets/VoodooPackages/TinySauce/Internal/Settings/Editor using Guid(163e71047720e43a2926fc34cc0479e6) Importer(815301076,1909f56bfc062723c751e8b465ee728b)  -> (artifact id: '5830ba48c0e8a9526a9584a70c3c9a47') in 0.005537 seconds 
  Import took 0.008249 seconds .

========================================================================
Received Import Request.
  Time since last request: 0.725169 seconds.
  path: Assets/VoodooPackages/TinySauce/Internal/Settings/Editor/TinySauceSettingsEditor.cs
  artifactKey: Guid(e0061be0701240f9b96a4bb2c51e03cd) Importer(815301076,1909f56bfc062723c751e8b465ee728b)
Start importing Assets/VoodooPackages/TinySauce/Internal/Settings/Editor/TinySauceSettingsEditor.cs using Guid(e0061be0701240f9b96a4bb2c51e03cd) Importer(815301076,1909f56bfc062723c751e8b465ee728b)  -> (artifact id: 'fc65783da898bd753e467fb6285156b0') in 0.005902 seconds 
  Import took 0.008464 seconds .

========================================================================
Received Import Request.
  Time since last request: 8.997974 seconds.
  path: Assets/VoodooPackages/TinySauce/Prefabs
  artifactKey: Guid(1d9f37a5b13624b738207a113efb8911) Importer(815301076,1909f56bfc062723c751e8b465ee728b)
Start importing Assets/VoodooPackages/TinySauce/Prefabs using Guid(1d9f37a5b13624b738207a113efb8911) Importer(815301076,1909f56bfc062723c751e8b465ee728b)  -> (artifact id: 'f23c5ba0738cc9f6bd13e237c977045e') in 0.005531 seconds 
  Import took 0.008021 seconds .

========================================================================
Received Import Request.
  Time since last request: 0.051378 seconds.
  path: Assets/VoodooPackages/TinySauce/Prefabs/TinySauce.prefab
  artifactKey: Guid(0b960778462d34f7283156e4edafb7a2) Importer(815301076,1909f56bfc062723c751e8b465ee728b)
Start importing Assets/VoodooPackages/TinySauce/Prefabs/TinySauce.prefab using Guid(0b960778462d34f7283156e4edafb7a2) Importer(815301076,1909f56bfc062723c751e8b465ee728b)  -> (artifact id: '0b6635d05fd15fe2f18297a302a36da8') in 0.023627 seconds 
  Import took 0.026108 seconds .

========================================================================
Received Import Request.
  Time since last request: 13.081268 seconds.
  path: Assets/Objects
  artifactKey: Guid(b287ffcfcb5238b4f898dd026a57d893) Importer(815301076,1909f56bfc062723c751e8b465ee728b)
Start importing Assets/Objects using Guid(b287ffcfcb5238b4f898dd026a57d893) Importer(815301076,1909f56bfc062723c751e8b465ee728b)  -> (artifact id: '9e7d9611b3fa14e045551058078f05d3') in 0.005681 seconds 
  Import took 0.008569 seconds .

========================================================================
Received Import Request.
  Time since last request: 0.856880 seconds.
  path: Assets/Objects/BrokenWall.fbx
  artifactKey: Guid(0018fa0ef1001574e8b0a2d56973ef10) Importer(815301076,1909f56bfc062723c751e8b465ee728b)
Start importing Assets/Objects/BrokenWall.fbx using Guid(0018fa0ef1001574e8b0a2d56973ef10) Importer(815301076,1909f56bfc062723c751e8b465ee728b)  -> (artifact id: '7ce3af711a505f779c6abe307e9fad3a') in 0.682948 seconds 
  Import took 0.686281 seconds .

========================================================================
Received Import Request.
  Time since last request: 0.000164 seconds.
  path: Assets/Objects/Coin.fbx
  artifactKey: Guid(f42b2a91788002149b48dd4b051657d1) Importer(815301076,1909f56bfc062723c751e8b465ee728b)
Start importing Assets/Objects/Coin.fbx using Guid(f42b2a91788002149b48dd4b051657d1) Importer(815301076,1909f56bfc062723c751e8b465ee728b)  -> (artifact id: 'dcb0091add6fa4f1fe156b4aa5e71434') in 0.061862 seconds 
  Import took 0.064405 seconds .

========================================================================
Received Import Request.
  Time since last request: 0.000145 seconds.
  path: Assets/Objects/Multiplier.fbx
  artifactKey: Guid(773480737ae060d41bf4a1f9a8fbe053) Importer(815301076,1909f56bfc062723c751e8b465ee728b)
Start importing Assets/Objects/Multiplier.fbx using Guid(773480737ae060d41bf4a1f9a8fbe053) Importer(815301076,1909f56bfc062723c751e8b465ee728b)  -> (artifact id: '9fde1fda8d1e613c7938a6efa7a5a7f3') in 0.029698 seconds 
  Import took 0.032175 seconds .

========================================================================
Received Import Request.
  Time since last request: 4.354042 seconds.
  path: Assets/Levels
  artifactKey: Guid(c70f55e3a3ffade448ce68ffb2656cc1) Importer(815301076,1909f56bfc062723c751e8b465ee728b)
Start importing Assets/Levels using Guid(c70f55e3a3ffade448ce68ffb2656cc1) Importer(815301076,1909f56bfc062723c751e8b465ee728b)  -> (artifact id: 'c554bb8824a1a910bf5c709b1ba5dfff') in 0.005634 seconds 
  Import took 0.008397 seconds .

========================================================================
Received Import Request.
  Time since last request: 0.839445 seconds.
  path: Assets/Levels/Level 1.unity
  artifactKey: Guid(f8bfd48acc47b494daa08ea1357965cd) Importer(815301076,1909f56bfc062723c751e8b465ee728b)
Start importing Assets/Levels/Level 1.unity using Guid(f8bfd48acc47b494daa08ea1357965cd) Importer(815301076,1909f56bfc062723c751e8b465ee728b)  -> (artifact id: 'd65ac773e359fd20662a7692e3b38502') in 0.006577 seconds 
  Import took 0.009305 seconds .

========================================================================
Received Prepare
Registering precompiled user dll's ...
Registered in 0.014207 seconds.
Begin MonoManager ReloadAssembly
Native extension for WindowsStandalone target not found
Native extension for WebGL target not found
Refreshing native plugins compatible for Editor in 1.12 ms, found 2 plugins.
Preloading 0 native plugins for Editor in 0.00 ms.
Mono: successfully reloaded assembly
- Completed reload, in  1.987 seconds
Domain Reload Profiling:
	ReloadAssembly (1987ms)
		BeginReloadAssembly (95ms)
			ExecutionOrderSort (0ms)
			DisableScriptedObjects (3ms)
			BackupInstance (0ms)
			ReleaseScriptingObjects (0ms)
			CreateAndSetChildDomain (29ms)
		EndReloadAssembly (1838ms)
			LoadAssemblies (69ms)
			RebuildTransferFunctionScriptingTraits (0ms)
			SetupTypeCache (236ms)
			ReleaseScriptCaches (1ms)
			RebuildScriptCaches (31ms)
			SetupLoadedEditorAssemblies (1413ms)
				LogAssemblyErrors (0ms)
				InitializePlatformSupportModulesInManaged (5ms)
				SetLoadedEditorAssemblies (0ms)
				RefreshPlugins (1ms)
				BeforeProcessingInitializeOnLoad (60ms)
				ProcessInitializeOnLoadAttributes (1335ms)
				ProcessInitializeOnLoadMethodAttributes (6ms)
				AfterProcessingInitializeOnLoad (6ms)
				EditorAssembliesLoaded (0ms)
			ExecutionOrderSort2 (0ms)
			AwakeInstancesAfterBackupRestoration (4ms)
Platform modules already initialized, skipping
Refreshing native plugins compatible for Editor in 1.12 ms, found 2 plugins.
Preloading 0 native plugins for Editor in 0.00 ms.
Unloading 1724 Unused Serialized files (Serialized files now loaded: 0)
System memory in use before: 79.1 MB.
System memory in use after: 79.2 MB.

Unloading 106 unused Assets to reduce memory usage. Loaded Objects now: 2148.
Total: 3.137000 ms (FindLiveObjects: 0.186000 ms CreateObjectMapping: 0.041700 ms MarkObjects: 2.866600 ms  DeleteObjects: 0.041100 ms)

AssetImportParameters requested are different than current active one (requested -> active):
  custom:framework-win-MediaFoundation: 216162199b28c13a410421893ffa2e32 -> 
  custom:video-decoder-ogg-theora: a1e56fd34408186e4bbccfd4996cb3dc -> 
  custom:container-muxer-webm: aa71ff27fc2769a1b78a27578f13a17b -> 
  custom:container-demuxer-webm: 4f35f7cbe854078d1ac9338744f61a02 -> 
  custom:container-demuxer-ogg: 62fdf1f143b41e24485cea50d1cbac27 -> 
  custom:video-encoder-webm-vp8: eb34c28f22e8b96e1ab97ce403110664 -> 
  custom:video-decoder-webm-vp8: 9c59270c3fd7afecdb556c50c9e8de78 -> 
  custom:audio-decoder-ogg-vorbis: bf7c407c2cedff20999df2af8eb42d56 -> 
  custom:audio-encoder-webm-vorbis: bf7c407c2cedff20999df2af8eb42d56 -> 
AssetImportWorkerClient::OnTransportError - code=2 error=End of file
